<?xml version="1.0" encoding="UTF-8"?>
<!-- Generated by org.testng.reporters.JUnitReportReporter -->
<testsuite hostname="LAPTOP-F86T4Q0E" name="com.eit.stepdefinition.stepDefinition" tests="2" failures="0" timestamp="15 Nov 2019 13:24:25 GMT" time="169.529" errors="0">
  <testcase name="English_forgetpassword_with_incorrect_password_and_valid_password" time="86.422" classname="com.eit.stepdefinition.stepDefinition"/>
  <testcase name="Arabic_forgetpassword_with_incorrect_password_and_valid_password" time="83.107" classname="com.eit.stepdefinition.stepDefinition"/>
</testsuite> <!-- com.eit.stepdefinition.stepDefinition -->
